<?xml version="1.0" encoding="UTF-8"?>
<testsuite xmlns:xsi="http://www.w3.org/2001/XMLSchema-instance" xsi:noNamespaceSchemaLocation="https://maven.apache.org/surefire/maven-surefire-plugin/xsd/surefire-test-report.xsd" name="TestSuite" time="40.063" tests="2" errors="0" skipped="0" failures="0">
  <properties>
    <property name="java.specification.version" value="19"/>
    <property name="sun.jnu.encoding" value="UTF-8"/>
    <property name="java.class.path" value="/Volumes/D-Drive/Git_Folder/testng-appium-app-browserstack/android/testng-examples/target/test-classes:/Volumes/D-Drive/Git_Folder/testng-appium-app-browserstack/android/testng-examples/target/classes:/Users/suchismitamajhi/.m2/repository/org/testng/testng/6.9.10/testng-6.9.10.jar:/Users/suchismitamajhi/.m2/repository/com/beust/jcommander/1.48/jcommander-1.48.jar:/Users/suchismitamajhi/.m2/repository/org/beanshell/bsh/2.0b4/bsh-2.0b4.jar:/Users/suchismitamajhi/.m2/repository/io/appium/java-client/8.3.0/java-client-8.3.0.jar:/Users/suchismitamajhi/.m2/repository/org/seleniumhq/selenium/selenium-api/4.8.0/selenium-api-4.8.0.jar:/Users/suchismitamajhi/.m2/repository/org/seleniumhq/selenium/selenium-remote-driver/4.8.0/selenium-remote-driver-4.8.0.jar:/Users/suchismitamajhi/.m2/repository/com/google/auto/service/auto-service-annotations/1.0.1/auto-service-annotations-1.0.1.jar:/Users/suchismitamajhi/.m2/repository/com/google/auto/service/auto-service/1.0.1/auto-service-1.0.1.jar:/Users/suchismitamajhi/.m2/repository/com/google/auto/auto-common/1.2/auto-common-1.2.jar:/Users/suchismitamajhi/.m2/repository/io/netty/netty-buffer/4.1.87.Final/netty-buffer-4.1.87.Final.jar:/Users/suchismitamajhi/.m2/repository/io/netty/netty-codec-http/4.1.87.Final/netty-codec-http-4.1.87.Final.jar:/Users/suchismitamajhi/.m2/repository/io/netty/netty-codec/4.1.87.Final/netty-codec-4.1.87.Final.jar:/Users/suchismitamajhi/.m2/repository/io/netty/netty-handler/4.1.87.Final/netty-handler-4.1.87.Final.jar:/Users/suchismitamajhi/.m2/repository/io/netty/netty-common/4.1.87.Final/netty-common-4.1.87.Final.jar:/Users/suchismitamajhi/.m2/repository/io/netty/netty-transport-classes-epoll/4.1.87.Final/netty-transport-classes-epoll-4.1.87.Final.jar:/Users/suchismitamajhi/.m2/repository/io/netty/netty-transport-classes-kqueue/4.1.87.Final/netty-transport-classes-kqueue-4.1.87.Final.jar:/Users/suchismitamajhi/.m2/repository/io/netty/netty-transport-native-epoll/4.1.87.Final/netty-transport-native-epoll-4.1.87.Final.jar:/Users/suchismitamajhi/.m2/repository/io/netty/netty-transport-native-kqueue/4.1.87.Final/netty-transport-native-kqueue-4.1.87.Final.jar:/Users/suchismitamajhi/.m2/repository/io/netty/netty-transport-native-unix-common/4.1.87.Final/netty-transport-native-unix-common-4.1.87.Final.jar:/Users/suchismitamajhi/.m2/repository/io/netty/netty-transport/4.1.87.Final/netty-transport-4.1.87.Final.jar:/Users/suchismitamajhi/.m2/repository/io/netty/netty-resolver/4.1.87.Final/netty-resolver-4.1.87.Final.jar:/Users/suchismitamajhi/.m2/repository/io/opentelemetry/opentelemetry-api/1.22.0/opentelemetry-api-1.22.0.jar:/Users/suchismitamajhi/.m2/repository/io/opentelemetry/opentelemetry-context/1.22.0/opentelemetry-context-1.22.0.jar:/Users/suchismitamajhi/.m2/repository/io/opentelemetry/opentelemetry-exporter-logging/1.22.0/opentelemetry-exporter-logging-1.22.0.jar:/Users/suchismitamajhi/.m2/repository/io/opentelemetry/opentelemetry-sdk-metrics/1.22.0/opentelemetry-sdk-metrics-1.22.0.jar:/Users/suchismitamajhi/.m2/repository/io/opentelemetry/opentelemetry-sdk-logs/1.22.0-alpha/opentelemetry-sdk-logs-1.22.0-alpha.jar:/Users/suchismitamajhi/.m2/repository/io/opentelemetry/opentelemetry-api-logs/1.22.0-alpha/opentelemetry-api-logs-1.22.0-alpha.jar:/Users/suchismitamajhi/.m2/repository/io/opentelemetry/opentelemetry-sdk-common/1.22.0/opentelemetry-sdk-common-1.22.0.jar:/Users/suchismitamajhi/.m2/repository/io/opentelemetry/opentelemetry-sdk-extension-autoconfigure-spi/1.22.0/opentelemetry-sdk-extension-autoconfigure-spi-1.22.0.jar:/Users/suchismitamajhi/.m2/repository/io/opentelemetry/opentelemetry-sdk-extension-autoconfigure/1.22.0-alpha/opentelemetry-sdk-extension-autoconfigure-1.22.0-alpha.jar:/Users/suchismitamajhi/.m2/repository/io/opentelemetry/opentelemetry-sdk-trace/1.22.0/opentelemetry-sdk-trace-1.22.0.jar:/Users/suchismitamajhi/.m2/repository/io/opentelemetry/opentelemetry-sdk/1.22.0/opentelemetry-sdk-1.22.0.jar:/Users/suchismitamajhi/.m2/repository/io/opentelemetry/opentelemetry-semconv/1.22.0-alpha/opentelemetry-semconv-1.22.0-alpha.jar:/Users/suchismitamajhi/.m2/repository/io/ous/jtoml/2.0.0/jtoml-2.0.0.jar:/Users/suchismitamajhi/.m2/repository/org/asynchttpclient/async-http-client/2.12.3/async-http-client-2.12.3.jar:/Users/suchismitamajhi/.m2/repository/org/asynchttpclient/async-http-client-netty-utils/2.12.3/async-http-client-netty-utils-2.12.3.jar:/Users/suchismitamajhi/.m2/repository/io/netty/netty-codec-socks/4.1.60.Final/netty-codec-socks-4.1.60.Final.jar:/Users/suchismitamajhi/.m2/repository/io/netty/netty-handler-proxy/4.1.60.Final/netty-handler-proxy-4.1.60.Final.jar:/Users/suchismitamajhi/.m2/repository/io/netty/netty-transport-native-epoll/4.1.60.Final/netty-transport-native-epoll-4.1.60.Final-linux-x86_64.jar:/Users/suchismitamajhi/.m2/repository/io/netty/netty-transport-native-kqueue/4.1.60.Final/netty-transport-native-kqueue-4.1.60.Final-osx-x86_64.jar:/Users/suchismitamajhi/.m2/repository/org/reactivestreams/reactive-streams/1.0.3/reactive-streams-1.0.3.jar:/Users/suchismitamajhi/.m2/repository/com/typesafe/netty/netty-reactive-streams/2.0.4/netty-reactive-streams-2.0.4.jar:/Users/suchismitamajhi/.m2/repository/com/sun/activation/jakarta.activation/1.2.2/jakarta.activation-1.2.2.jar:/Users/suchismitamajhi/.m2/repository/org/seleniumhq/selenium/selenium-http/4.8.0/selenium-http-4.8.0.jar:/Users/suchismitamajhi/.m2/repository/dev/failsafe/failsafe/3.3.0/failsafe-3.3.0.jar:/Users/suchismitamajhi/.m2/repository/org/seleniumhq/selenium/selenium-json/4.8.0/selenium-json-4.8.0.jar:/Users/suchismitamajhi/.m2/repository/org/seleniumhq/selenium/selenium-manager/4.8.0/selenium-manager-4.8.0.jar:/Users/suchismitamajhi/.m2/repository/org/seleniumhq/selenium/selenium-support/4.8.0/selenium-support-4.8.0.jar:/Users/suchismitamajhi/.m2/repository/com/google/code/gson/gson/2.10/gson-2.10.jar:/Users/suchismitamajhi/.m2/repository/cglib/cglib/3.3.0/cglib-3.3.0.jar:/Users/suchismitamajhi/.m2/repository/org/ow2/asm/asm/7.1/asm-7.1.jar:/Users/suchismitamajhi/.m2/repository/commons-validator/commons-validator/1.7/commons-validator-1.7.jar:/Users/suchismitamajhi/.m2/repository/commons-beanutils/commons-beanutils/1.9.4/commons-beanutils-1.9.4.jar:/Users/suchismitamajhi/.m2/repository/commons-digester/commons-digester/2.1/commons-digester-2.1.jar:/Users/suchismitamajhi/.m2/repository/commons-logging/commons-logging/1.2/commons-logging-1.2.jar:/Users/suchismitamajhi/.m2/repository/commons-collections/commons-collections/3.2.2/commons-collections-3.2.2.jar:/Users/suchismitamajhi/.m2/repository/org/apache/commons/commons-lang3/3.12.0/commons-lang3-3.12.0.jar:/Users/suchismitamajhi/.m2/repository/org/slf4j/slf4j-api/2.0.5/slf4j-api-2.0.5.jar:/Users/suchismitamajhi/.m2/repository/commons-io/commons-io/1.3.2/commons-io-1.3.2.jar:/Users/suchismitamajhi/.m2/repository/org/seleniumhq/selenium/selenium-java/3.141.59/selenium-java-3.141.59.jar:/Users/suchismitamajhi/.m2/repository/org/seleniumhq/selenium/selenium-chrome-driver/3.141.59/selenium-chrome-driver-3.141.59.jar:/Users/suchismitamajhi/.m2/repository/org/seleniumhq/selenium/selenium-edge-driver/3.141.59/selenium-edge-driver-3.141.59.jar:/Users/suchismitamajhi/.m2/repository/org/seleniumhq/selenium/selenium-firefox-driver/3.141.59/selenium-firefox-driver-3.141.59.jar:/Users/suchismitamajhi/.m2/repository/org/seleniumhq/selenium/selenium-ie-driver/3.141.59/selenium-ie-driver-3.141.59.jar:/Users/suchismitamajhi/.m2/repository/org/seleniumhq/selenium/selenium-opera-driver/3.141.59/selenium-opera-driver-3.141.59.jar:/Users/suchismitamajhi/.m2/repository/org/seleniumhq/selenium/selenium-safari-driver/3.141.59/selenium-safari-driver-3.141.59.jar:/Users/suchismitamajhi/.m2/repository/net/bytebuddy/byte-buddy/1.8.15/byte-buddy-1.8.15.jar:/Users/suchismitamajhi/.m2/repository/org/apache/commons/commons-exec/1.3/commons-exec-1.3.jar:/Users/suchismitamajhi/.m2/repository/com/google/guava/guava/25.0-jre/guava-25.0-jre.jar:/Users/suchismitamajhi/.m2/repository/com/google/code/findbugs/jsr305/1.3.9/jsr305-1.3.9.jar:/Users/suchismitamajhi/.m2/repository/org/checkerframework/checker-compat-qual/2.0.0/checker-compat-qual-2.0.0.jar:/Users/suchismitamajhi/.m2/repository/com/google/errorprone/error_prone_annotations/2.1.3/error_prone_annotations-2.1.3.jar:/Users/suchismitamajhi/.m2/repository/com/google/j2objc/j2objc-annotations/1.1/j2objc-annotations-1.1.jar:/Users/suchismitamajhi/.m2/repository/org/codehaus/mojo/animal-sniffer-annotations/1.14/animal-sniffer-annotations-1.14.jar:/Users/suchismitamajhi/.m2/repository/com/squareup/okhttp3/okhttp/3.11.0/okhttp-3.11.0.jar:/Users/suchismitamajhi/.m2/repository/com/squareup/okio/okio/1.14.0/okio-1.14.0.jar:/Users/suchismitamajhi/.m2/repository/com/browserstack/browserstack-local-java/1.0.3/browserstack-local-java-1.0.3.jar:/Users/suchismitamajhi/.m2/repository/org/json/json/20160212/json-20160212.jar:/Users/suchismitamajhi/.m2/repository/com/googlecode/json-simple/json-simple/1.1.1/json-simple-1.1.1.jar:/Users/suchismitamajhi/.m2/repository/junit/junit/4.10/junit-4.10.jar:/Users/suchismitamajhi/.m2/repository/org/hamcrest/hamcrest-core/1.1/hamcrest-core-1.1.jar:"/>
    <property name="java.vm.vendor" value="Homebrew"/>
    <property name="sun.arch.data.model" value="64"/>
    <property name="java.vendor.url" value="https://github.com/Homebrew/homebrew-core/issues"/>
    <property name="os.name" value="Mac OS X"/>
    <property name="java.vm.specification.version" value="19"/>
    <property name="sun.java.launcher" value="SUN_STANDARD"/>
    <property name="user.country" value="US"/>
    <property name="sun.boot.library.path" value="/opt/homebrew/Cellar/openjdk/19.0.2/libexec/openjdk.jdk/Contents/Home/lib"/>
    <property name="sun.java.command" value="/Volumes/D-Drive/Git_Folder/testng-appium-app-browserstack/android/testng-examples/target/surefire/surefirebooter1119262132127826683.jar /Volumes/D-Drive/Git_Folder/testng-appium-app-browserstack/android/testng-examples/target/surefire 2023-02-06T23-40-19_543-jvmRun1 surefire3605069528727422684tmp surefire_07410586446155806352tmp"/>
    <property name="http.nonProxyHosts" value="local|*.local|169.254/16|*.169.254/16"/>
    <property name="jdk.debug" value="release"/>
    <property name="surefire.test.class.path" value="/Volumes/D-Drive/Git_Folder/testng-appium-app-browserstack/android/testng-examples/target/test-classes:/Volumes/D-Drive/Git_Folder/testng-appium-app-browserstack/android/testng-examples/target/classes:/Users/suchismitamajhi/.m2/repository/org/testng/testng/6.9.10/testng-6.9.10.jar:/Users/suchismitamajhi/.m2/repository/com/beust/jcommander/1.48/jcommander-1.48.jar:/Users/suchismitamajhi/.m2/repository/org/beanshell/bsh/2.0b4/bsh-2.0b4.jar:/Users/suchismitamajhi/.m2/repository/io/appium/java-client/8.3.0/java-client-8.3.0.jar:/Users/suchismitamajhi/.m2/repository/org/seleniumhq/selenium/selenium-api/4.8.0/selenium-api-4.8.0.jar:/Users/suchismitamajhi/.m2/repository/org/seleniumhq/selenium/selenium-remote-driver/4.8.0/selenium-remote-driver-4.8.0.jar:/Users/suchismitamajhi/.m2/repository/com/google/auto/service/auto-service-annotations/1.0.1/auto-service-annotations-1.0.1.jar:/Users/suchismitamajhi/.m2/repository/com/google/auto/service/auto-service/1.0.1/auto-service-1.0.1.jar:/Users/suchismitamajhi/.m2/repository/com/google/auto/auto-common/1.2/auto-common-1.2.jar:/Users/suchismitamajhi/.m2/repository/io/netty/netty-buffer/4.1.87.Final/netty-buffer-4.1.87.Final.jar:/Users/suchismitamajhi/.m2/repository/io/netty/netty-codec-http/4.1.87.Final/netty-codec-http-4.1.87.Final.jar:/Users/suchismitamajhi/.m2/repository/io/netty/netty-codec/4.1.87.Final/netty-codec-4.1.87.Final.jar:/Users/suchismitamajhi/.m2/repository/io/netty/netty-handler/4.1.87.Final/netty-handler-4.1.87.Final.jar:/Users/suchismitamajhi/.m2/repository/io/netty/netty-common/4.1.87.Final/netty-common-4.1.87.Final.jar:/Users/suchismitamajhi/.m2/repository/io/netty/netty-transport-classes-epoll/4.1.87.Final/netty-transport-classes-epoll-4.1.87.Final.jar:/Users/suchismitamajhi/.m2/repository/io/netty/netty-transport-classes-kqueue/4.1.87.Final/netty-transport-classes-kqueue-4.1.87.Final.jar:/Users/suchismitamajhi/.m2/repository/io/netty/netty-transport-native-epoll/4.1.87.Final/netty-transport-native-epoll-4.1.87.Final.jar:/Users/suchismitamajhi/.m2/repository/io/netty/netty-transport-native-kqueue/4.1.87.Final/netty-transport-native-kqueue-4.1.87.Final.jar:/Users/suchismitamajhi/.m2/repository/io/netty/netty-transport-native-unix-common/4.1.87.Final/netty-transport-native-unix-common-4.1.87.Final.jar:/Users/suchismitamajhi/.m2/repository/io/netty/netty-transport/4.1.87.Final/netty-transport-4.1.87.Final.jar:/Users/suchismitamajhi/.m2/repository/io/netty/netty-resolver/4.1.87.Final/netty-resolver-4.1.87.Final.jar:/Users/suchismitamajhi/.m2/repository/io/opentelemetry/opentelemetry-api/1.22.0/opentelemetry-api-1.22.0.jar:/Users/suchismitamajhi/.m2/repository/io/opentelemetry/opentelemetry-context/1.22.0/opentelemetry-context-1.22.0.jar:/Users/suchismitamajhi/.m2/repository/io/opentelemetry/opentelemetry-exporter-logging/1.22.0/opentelemetry-exporter-logging-1.22.0.jar:/Users/suchismitamajhi/.m2/repository/io/opentelemetry/opentelemetry-sdk-metrics/1.22.0/opentelemetry-sdk-metrics-1.22.0.jar:/Users/suchismitamajhi/.m2/repository/io/opentelemetry/opentelemetry-sdk-logs/1.22.0-alpha/opentelemetry-sdk-logs-1.22.0-alpha.jar:/Users/suchismitamajhi/.m2/repository/io/opentelemetry/opentelemetry-api-logs/1.22.0-alpha/opentelemetry-api-logs-1.22.0-alpha.jar:/Users/suchismitamajhi/.m2/repository/io/opentelemetry/opentelemetry-sdk-common/1.22.0/opentelemetry-sdk-common-1.22.0.jar:/Users/suchismitamajhi/.m2/repository/io/opentelemetry/opentelemetry-sdk-extension-autoconfigure-spi/1.22.0/opentelemetry-sdk-extension-autoconfigure-spi-1.22.0.jar:/Users/suchismitamajhi/.m2/repository/io/opentelemetry/opentelemetry-sdk-extension-autoconfigure/1.22.0-alpha/opentelemetry-sdk-extension-autoconfigure-1.22.0-alpha.jar:/Users/suchismitamajhi/.m2/repository/io/opentelemetry/opentelemetry-sdk-trace/1.22.0/opentelemetry-sdk-trace-1.22.0.jar:/Users/suchismitamajhi/.m2/repository/io/opentelemetry/opentelemetry-sdk/1.22.0/opentelemetry-sdk-1.22.0.jar:/Users/suchismitamajhi/.m2/repository/io/opentelemetry/opentelemetry-semconv/1.22.0-alpha/opentelemetry-semconv-1.22.0-alpha.jar:/Users/suchismitamajhi/.m2/repository/io/ous/jtoml/2.0.0/jtoml-2.0.0.jar:/Users/suchismitamajhi/.m2/repository/org/asynchttpclient/async-http-client/2.12.3/async-http-client-2.12.3.jar:/Users/suchismitamajhi/.m2/repository/org/asynchttpclient/async-http-client-netty-utils/2.12.3/async-http-client-netty-utils-2.12.3.jar:/Users/suchismitamajhi/.m2/repository/io/netty/netty-codec-socks/4.1.60.Final/netty-codec-socks-4.1.60.Final.jar:/Users/suchismitamajhi/.m2/repository/io/netty/netty-handler-proxy/4.1.60.Final/netty-handler-proxy-4.1.60.Final.jar:/Users/suchismitamajhi/.m2/repository/io/netty/netty-transport-native-epoll/4.1.60.Final/netty-transport-native-epoll-4.1.60.Final-linux-x86_64.jar:/Users/suchismitamajhi/.m2/repository/io/netty/netty-transport-native-kqueue/4.1.60.Final/netty-transport-native-kqueue-4.1.60.Final-osx-x86_64.jar:/Users/suchismitamajhi/.m2/repository/org/reactivestreams/reactive-streams/1.0.3/reactive-streams-1.0.3.jar:/Users/suchismitamajhi/.m2/repository/com/typesafe/netty/netty-reactive-streams/2.0.4/netty-reactive-streams-2.0.4.jar:/Users/suchismitamajhi/.m2/repository/com/sun/activation/jakarta.activation/1.2.2/jakarta.activation-1.2.2.jar:/Users/suchismitamajhi/.m2/repository/org/seleniumhq/selenium/selenium-http/4.8.0/selenium-http-4.8.0.jar:/Users/suchismitamajhi/.m2/repository/dev/failsafe/failsafe/3.3.0/failsafe-3.3.0.jar:/Users/suchismitamajhi/.m2/repository/org/seleniumhq/selenium/selenium-json/4.8.0/selenium-json-4.8.0.jar:/Users/suchismitamajhi/.m2/repository/org/seleniumhq/selenium/selenium-manager/4.8.0/selenium-manager-4.8.0.jar:/Users/suchismitamajhi/.m2/repository/org/seleniumhq/selenium/selenium-support/4.8.0/selenium-support-4.8.0.jar:/Users/suchismitamajhi/.m2/repository/com/google/code/gson/gson/2.10/gson-2.10.jar:/Users/suchismitamajhi/.m2/repository/cglib/cglib/3.3.0/cglib-3.3.0.jar:/Users/suchismitamajhi/.m2/repository/org/ow2/asm/asm/7.1/asm-7.1.jar:/Users/suchismitamajhi/.m2/repository/commons-validator/commons-validator/1.7/commons-validator-1.7.jar:/Users/suchismitamajhi/.m2/repository/commons-beanutils/commons-beanutils/1.9.4/commons-beanutils-1.9.4.jar:/Users/suchismitamajhi/.m2/repository/commons-digester/commons-digester/2.1/commons-digester-2.1.jar:/Users/suchismitamajhi/.m2/repository/commons-logging/commons-logging/1.2/commons-logging-1.2.jar:/Users/suchismitamajhi/.m2/repository/commons-collections/commons-collections/3.2.2/commons-collections-3.2.2.jar:/Users/suchismitamajhi/.m2/repository/org/apache/commons/commons-lang3/3.12.0/commons-lang3-3.12.0.jar:/Users/suchismitamajhi/.m2/repository/org/slf4j/slf4j-api/2.0.5/slf4j-api-2.0.5.jar:/Users/suchismitamajhi/.m2/repository/commons-io/commons-io/1.3.2/commons-io-1.3.2.jar:/Users/suchismitamajhi/.m2/repository/org/seleniumhq/selenium/selenium-java/3.141.59/selenium-java-3.141.59.jar:/Users/suchismitamajhi/.m2/repository/org/seleniumhq/selenium/selenium-chrome-driver/3.141.59/selenium-chrome-driver-3.141.59.jar:/Users/suchismitamajhi/.m2/repository/org/seleniumhq/selenium/selenium-edge-driver/3.141.59/selenium-edge-driver-3.141.59.jar:/Users/suchismitamajhi/.m2/repository/org/seleniumhq/selenium/selenium-firefox-driver/3.141.59/selenium-firefox-driver-3.141.59.jar:/Users/suchismitamajhi/.m2/repository/org/seleniumhq/selenium/selenium-ie-driver/3.141.59/selenium-ie-driver-3.141.59.jar:/Users/suchismitamajhi/.m2/repository/org/seleniumhq/selenium/selenium-opera-driver/3.141.59/selenium-opera-driver-3.141.59.jar:/Users/suchismitamajhi/.m2/repository/org/seleniumhq/selenium/selenium-safari-driver/3.141.59/selenium-safari-driver-3.141.59.jar:/Users/suchismitamajhi/.m2/repository/net/bytebuddy/byte-buddy/1.8.15/byte-buddy-1.8.15.jar:/Users/suchismitamajhi/.m2/repository/org/apache/commons/commons-exec/1.3/commons-exec-1.3.jar:/Users/suchismitamajhi/.m2/repository/com/google/guava/guava/25.0-jre/guava-25.0-jre.jar:/Users/suchismitamajhi/.m2/repository/com/google/code/findbugs/jsr305/1.3.9/jsr305-1.3.9.jar:/Users/suchismitamajhi/.m2/repository/org/checkerframework/checker-compat-qual/2.0.0/checker-compat-qual-2.0.0.jar:/Users/suchismitamajhi/.m2/repository/com/google/errorprone/error_prone_annotations/2.1.3/error_prone_annotations-2.1.3.jar:/Users/suchismitamajhi/.m2/repository/com/google/j2objc/j2objc-annotations/1.1/j2objc-annotations-1.1.jar:/Users/suchismitamajhi/.m2/repository/org/codehaus/mojo/animal-sniffer-annotations/1.14/animal-sniffer-annotations-1.14.jar:/Users/suchismitamajhi/.m2/repository/com/squareup/okhttp3/okhttp/3.11.0/okhttp-3.11.0.jar:/Users/suchismitamajhi/.m2/repository/com/squareup/okio/okio/1.14.0/okio-1.14.0.jar:/Users/suchismitamajhi/.m2/repository/com/browserstack/browserstack-local-java/1.0.3/browserstack-local-java-1.0.3.jar:/Users/suchismitamajhi/.m2/repository/org/json/json/20160212/json-20160212.jar:/Users/suchismitamajhi/.m2/repository/com/googlecode/json-simple/json-simple/1.1.1/json-simple-1.1.1.jar:/Users/suchismitamajhi/.m2/repository/junit/junit/4.10/junit-4.10.jar:/Users/suchismitamajhi/.m2/repository/org/hamcrest/hamcrest-core/1.1/hamcrest-core-1.1.jar:"/>
    <property name="sun.cpu.endian" value="little"/>
    <property name="user.home" value="/Users/suchismitamajhi"/>
    <property name="user.language" value="en"/>
    <property name="java.specification.vendor" value="Oracle Corporation"/>
    <property name="java.version.date" value="2023-01-17"/>
    <property name="java.home" value="/opt/homebrew/Cellar/openjdk/19.0.2/libexec/openjdk.jdk/Contents/Home"/>
    <property name="file.separator" value="/"/>
    <property name="basedir" value="/Volumes/D-Drive/Git_Folder/testng-appium-app-browserstack/android/testng-examples"/>
    <property name="java.vm.compressedOopsMode" value="Zero based"/>
    <property name="line.separator" value="&#10;"/>
    <property name="java.vm.specification.vendor" value="Oracle Corporation"/>
    <property name="java.specification.name" value="Java Platform API Specification"/>
    <property name="apple.awt.application.name" value="ForkedBooter"/>
    <property name="surefire.real.class.path" value="/Volumes/D-Drive/Git_Folder/testng-appium-app-browserstack/android/testng-examples/target/surefire/surefirebooter1119262132127826683.jar"/>
    <property name="sun.management.compiler" value="HotSpot 64-Bit Tiered Compilers"/>
    <property name="ftp.nonProxyHosts" value="local|*.local|169.254/16|*.169.254/16"/>
    <property name="java.runtime.version" value="19.0.2"/>
    <property name="user.name" value="suchismitamajhi"/>
    <property name="stdout.encoding" value="UTF-8"/>
    <property name="path.separator" value=":"/>
    <property name="os.version" value="12.3"/>
    <property name="java.runtime.name" value="OpenJDK Runtime Environment"/>
    <property name="file.encoding" value="UTF-8"/>
    <property name="java.vm.name" value="OpenJDK 64-Bit Server VM"/>
    <property name="java.vendor.version" value="Homebrew"/>
    <property name="localRepository" value="/Users/suchismitamajhi/.m2/repository"/>
    <property name="java.vendor.url.bug" value="https://github.com/Homebrew/homebrew-core/issues"/>
    <property name="java.io.tmpdir" value="/var/folders/vw/ms774gkj00s5nxrk4c4nb5qh0000gn/T/"/>
    <property name="java.version" value="19.0.2"/>
    <property name="user.dir" value="/Volumes/D-Drive/Git_Folder/testng-appium-app-browserstack/android/testng-examples"/>
    <property name="os.arch" value="aarch64"/>
    <property name="java.vm.specification.name" value="Java Virtual Machine Specification"/>
    <property name="native.encoding" value="UTF-8"/>
    <property name="java.library.path" value="/Users/suchismitamajhi/Library/Java/Extensions:/Library/Java/Extensions:/Network/Library/Java/Extensions:/System/Library/Java/Extensions:/usr/lib/java:."/>
    <property name="java.vm.info" value="mixed mode, sharing"/>
    <property name="stderr.encoding" value="UTF-8"/>
    <property name="java.vendor" value="Homebrew"/>
    <property name="java.vm.version" value="19.0.2"/>
    <property name="sun.io.unicode.encoding" value="UnicodeBig"/>
    <property name="socksNonProxyHosts" value="local|*.local|169.254/16|*.169.254/16"/>
    <property name="java.class.version" value="63.0"/>
  </properties>
  <testcase name="test" classname="com.browserstack.run_parallel_test.ParallelTest" time="6.544"/>
  <testcase name="test" classname="com.browserstack.run_parallel_test.ParallelTest" time="10.396"/>
</testsuite>