<?xml version="1.0" encoding="UTF-8"?>
<!-- Generated by org.testng.reporters.JUnitReportReporter -->
<testsuite hostname="Suchismitas-MBP.attlocal.net" failures="0" tests="2" name="com.browserstack.run_parallel_test.ParallelTest" time="76.231" errors="0" timestamp="7 Feb 2023 07:40:59 GMT">
  <testcase classname="com.browserstack.run_parallel_test.ParallelTest" name="test" time="39.916"/>
  <testcase classname="com.browserstack.run_parallel_test.ParallelTest" name="test" time="36.315"/>
</testsuite> <!-- com.browserstack.run_parallel_test.ParallelTest -->
